0 info it worked if it ends with ok
1 verbose cli [ '/usr/local/bin/node',
1 verbose cli   '/usr/local/bin/npm',
1 verbose cli   'install',
1 verbose cli   '-g',
1 verbose cli   'mean-cli' ]
2 info using npm@1.4.28
3 info using node@v0.10.32
4 verbose cache add [ 'mean-cli', null ]
5 verbose cache add name=undefined spec="mean-cli" args=["mean-cli",null]
6 verbose parsed url { protocol: null,
6 verbose parsed url   slashes: null,
6 verbose parsed url   auth: null,
6 verbose parsed url   host: null,
6 verbose parsed url   port: null,
6 verbose parsed url   hostname: null,
6 verbose parsed url   hash: null,
6 verbose parsed url   search: null,
6 verbose parsed url   query: null,
6 verbose parsed url   pathname: 'mean-cli',
6 verbose parsed url   path: 'mean-cli',
6 verbose parsed url   href: 'mean-cli' }
7 silly lockFile cfd3b0e0-mean-cli mean-cli
8 verbose lock mean-cli /home/giles148/.npm/cfd3b0e0-mean-cli.lock
9 silly lockFile cfd3b0e0-mean-cli mean-cli
10 silly lockFile cfd3b0e0-mean-cli mean-cli
11 verbose addNamed [ 'mean-cli', '' ]
12 verbose addNamed [ null, '*' ]
13 silly lockFile 4d7ee43f-mean-cli mean-cli@
14 verbose lock mean-cli@ /home/giles148/.npm/4d7ee43f-mean-cli.lock
15 silly addNameRange { name: 'mean-cli', range: '*', hasData: false }
16 verbose request where is /mean-cli
17 verbose request registry https://registry.npmjs.org/
18 verbose request id d672f8aa6d16a3ac
19 verbose url raw /mean-cli
20 verbose url resolving [ 'https://registry.npmjs.org/', './mean-cli' ]
21 verbose url resolved https://registry.npmjs.org/mean-cli
22 verbose request where is https://registry.npmjs.org/mean-cli
23 info trying registry request attempt 1 at 19:06:40
24 http GET https://registry.npmjs.org/mean-cli
25 http 200 https://registry.npmjs.org/mean-cli
26 silly registry.get cb [ 200,
26 silly registry.get   { date: 'Thu, 13 Nov 2014 00:06:40 GMT',
26 silly registry.get     server: 'CouchDB/1.5.0 (Erlang OTP/R16B03)',
26 silly registry.get     etag: '"6Q6LXNOUKJE8G2H4NMQ35MIHV"',
26 silly registry.get     'content-type': 'application/json',
26 silly registry.get     'cache-control': 'max-age=60',
26 silly registry.get     'content-length': '45517',
26 silly registry.get     'accept-ranges': 'bytes',
26 silly registry.get     via: '1.1 varnish',
26 silly registry.get     age: '0',
26 silly registry.get     'x-served-by': 'cache-sjc3130-SJC',
26 silly registry.get     'x-cache': 'MISS',
26 silly registry.get     'x-cache-hits': '0',
26 silly registry.get     'x-timer': 'S1415837200.192407,VS0,VE152',
26 silly registry.get     vary: 'Accept',
26 silly registry.get     'keep-alive': 'timeout=10, max=50',
26 silly registry.get     connection: 'Keep-Alive' } ]
27 silly addNameRange number 2 { name: 'mean-cli', range: '*', hasData: true }
28 silly addNameRange versions [ 'mean-cli',
28 silly addNameRange   [ '0.0.0',
28 silly addNameRange     '0.0.1',
28 silly addNameRange     '0.0.2',
28 silly addNameRange     '0.0.3',
28 silly addNameRange     '0.0.4',
28 silly addNameRange     '0.5.25',
28 silly addNameRange     '0.5.26',
28 silly addNameRange     '0.5.27',
28 silly addNameRange     '0.5.31',
28 silly addNameRange     '0.5.34',
28 silly addNameRange     '0.9.0',
28 silly addNameRange     '0.9.1',
28 silly addNameRange     '0.0.9',
28 silly addNameRange     '0.0.10',
28 silly addNameRange     '0.0.11',
28 silly addNameRange     '0.0.12',
28 silly addNameRange     '0.9.2',
28 silly addNameRange     '0.9.3',
28 silly addNameRange     '0.9.4',
28 silly addNameRange     '0.9.5' ] ]
29 verbose addNamed [ 'mean-cli', '0.9.5' ]
30 verbose addNamed [ '0.9.5', '0.9.5' ]
31 silly lockFile 7ea01afe-mean-cli-0-9-5 mean-cli@0.9.5
32 verbose lock mean-cli@0.9.5 /home/giles148/.npm/7ea01afe-mean-cli-0-9-5.lock
33 silly lockFile bedbf704--org-mean-cli-mean-cli-0-9-5-tgz https://registry.npmjs.org/mean-cli/-/mean-cli-0.9.5.tgz
34 verbose lock https://registry.npmjs.org/mean-cli/-/mean-cli-0.9.5.tgz /home/giles148/.npm/bedbf704--org-mean-cli-mean-cli-0-9-5-tgz.lock
35 verbose addRemoteTarball [ 'https://registry.npmjs.org/mean-cli/-/mean-cli-0.9.5.tgz',
35 verbose addRemoteTarball   'fff40041915b0a42b6b794bae8eafce4ec345c0b' ]
36 info retry fetch attempt 1 at 19:06:40
37 verbose fetch to= /tmp/npm-2202-mjMPbV8K/registry.npmjs.org/mean-cli/-/mean-cli-0.9.5.tgz
38 http GET https://registry.npmjs.org/mean-cli/-/mean-cli-0.9.5.tgz
39 http 200 https://registry.npmjs.org/mean-cli/-/mean-cli-0.9.5.tgz
40 silly lockFile bedbf704--org-mean-cli-mean-cli-0-9-5-tgz https://registry.npmjs.org/mean-cli/-/mean-cli-0.9.5.tgz
41 silly lockFile bedbf704--org-mean-cli-mean-cli-0-9-5-tgz https://registry.npmjs.org/mean-cli/-/mean-cli-0.9.5.tgz
42 silly lockFile 7ea01afe-mean-cli-0-9-5 mean-cli@0.9.5
43 silly lockFile 7ea01afe-mean-cli-0-9-5 mean-cli@0.9.5
44 silly lockFile 4d7ee43f-mean-cli mean-cli@
45 silly lockFile 4d7ee43f-mean-cli mean-cli@
46 silly resolved [ { name: 'mean-cli',
46 silly resolved     version: '0.9.5',
46 silly resolved     preferGlobal: true,
46 silly resolved     description: 'Simple command line interface for installing and managing MEAN apps',
46 silly resolved     author: { name: 'mean cli team' },
46 silly resolved     contributors: 'https://github.com/linnovate/mean-cli/graphs/contributors',
46 silly resolved     license: 'MIT',
46 silly resolved     main: 'index',
46 silly resolved     scripts: { preinstall: 'node ./scripts/preinstall' },
46 silly resolved     bin:
46 silly resolved      { mean: './bin/mean',
46 silly resolved        'mean-init': './bin/mean-init',
46 silly resolved        'mean-authorize': './bin/mean-authorize',
46 silly resolved        'mean-whoami': './bin/mean-whoami',
46 silly resolved        'mean-login': './bin/mean-login',
46 silly resolved        'mean-addKey': './bin/mean-addKey',
46 silly resolved        'mean-publish': './bin/mean-publish',
46 silly resolved        'mean-search': './bin/mean-search',
46 silly resolved        'mean-register': './bin/mean-register',
46 silly resolved        'mean-postinstall': './bin/mean-postinstall',
46 silly resolved        'mean-preinstall': './bin/mean-preinstall',
46 silly resolved        'mean-install': './bin/mean-install',
46 silly resolved        'mean-uninstall': './bin/mean-uninstall',
46 silly resolved        'mean-docs': './bin/mean-docs',
46 silly resolved        'mean-package': './bin/mean-package',
46 silly resolved        'mean-list': './bin/mean-list',
46 silly resolved        'mean-status': './bin/mean-status',
46 silly resolved        'mean-user': './bin/mean-user' },
46 silly resolved     repository:
46 silly resolved      { type: 'git',
46 silly resolved        url: 'https://github.com/linnovate/mean-cli.git' },
46 silly resolved     keywords: [ 'mean', 'meanio', 'mean.io', 'mean-cli' ],
46 silly resolved     engines: { node: '0.10.x', npm: '2.1.x' },
46 silly resolved     dependencies:
46 silly resolved      { bower: '^1.3.8',
46 silly resolved        chalk: '^0.5.1',
46 silly resolved        commander: '^2.4.0',
46 silly resolved        lodash: '^2.4.1',
46 silly resolved        'mean-health': '~0.1.3',
46 silly resolved        mongoose: '^3.8.12',
46 silly resolved        npm: '^2.1.0',
46 silly resolved        opener: '^1.3.0',
46 silly resolved        prompt: '^0.2.13',
46 silly resolved        request: 'latest',
46 silly resolved        shelljs: '^0.3.0' },
46 silly resolved     devDependencies:
46 silly resolved      { grunt: '^0.4.4',
46 silly resolved        'grunt-contrib-jshint': '^0.10.0',
46 silly resolved        'grunt-mocha-test': '^0.10.0',
46 silly resolved        mocha: '^1.18.2',
46 silly resolved        should: '^3.2.0' },
46 silly resolved     gitHead: '6d5b05a734dfbb7d6c67dac3b7ccdfe63538bf98',
46 silly resolved     bugs: { url: 'https://github.com/linnovate/mean-cli/issues' },
46 silly resolved     homepage: 'https://github.com/linnovate/mean-cli',
46 silly resolved     _id: 'mean-cli@0.9.5',
46 silly resolved     _shasum: 'fff40041915b0a42b6b794bae8eafce4ec345c0b',
46 silly resolved     _from: 'mean-cli@',
46 silly resolved     _npmVersion: '2.1.6',
46 silly resolved     _nodeVersion: '0.10.33',
46 silly resolved     _npmUser: { name: 'fyockm', email: 'fyockm@gmail.com' },
46 silly resolved     maintainers: [ [Object], [Object], [Object] ],
46 silly resolved     dist:
46 silly resolved      { shasum: 'fff40041915b0a42b6b794bae8eafce4ec345c0b',
46 silly resolved        tarball: 'http://registry.npmjs.org/mean-cli/-/mean-cli-0.9.5.tgz' },
46 silly resolved     directories: {},
46 silly resolved     _resolved: 'https://registry.npmjs.org/mean-cli/-/mean-cli-0.9.5.tgz' } ]
47 info install mean-cli@0.9.5 into /usr/local/lib
48 info installOne mean-cli@0.9.5
49 warn engine mean-cli@0.9.5: wanted: {"node":"0.10.x","npm":"2.1.x"} (current: {"node":"0.10.32","npm":"1.4.28"})
50 verbose lib/node_modules/mean-cli unbuild
51 verbose tar unpack /home/giles148/.npm/mean-cli/0.9.5/package.tgz
52 silly lockFile 9f3fa094--local-lib-node-modules-mean-cli tar:///usr/local/lib/node_modules/mean-cli
53 verbose lock tar:///usr/local/lib/node_modules/mean-cli /home/giles148/.npm/9f3fa094--local-lib-node-modules-mean-cli.lock
54 silly lockFile 978359e2-8-npm-mean-cli-0-9-5-package-tgz tar:///home/giles148/.npm/mean-cli/0.9.5/package.tgz
55 verbose lock tar:///home/giles148/.npm/mean-cli/0.9.5/package.tgz /home/giles148/.npm/978359e2-8-npm-mean-cli-0-9-5-package-tgz.lock
56 silly gunzTarPerm modes [ '775', '664' ]
57 error Error: EACCES, mkdir '/usr/local/lib/node_modules/mean-cli'
57 error  { [Error: EACCES, mkdir '/usr/local/lib/node_modules/mean-cli']
57 error   errno: 3,
57 error   code: 'EACCES',
57 error   path: '/usr/local/lib/node_modules/mean-cli',
57 error   fstream_type: 'Directory',
57 error   fstream_path: '/usr/local/lib/node_modules/mean-cli',
57 error   fstream_class: 'DirWriter',
57 error   fstream_stack:
57 error    [ '/usr/local/lib/node_modules/npm/node_modules/fstream/lib/dir-writer.js:36:23',
57 error      '/usr/local/lib/node_modules/npm/node_modules/mkdirp/index.js:46:53',
57 error      'Object.oncomplete (fs.js:107:15)' ] }
58 error Please try running this command again as root/Administrator.
59 error System Linux 3.13.0-36-generic
60 error command "/usr/local/bin/node" "/usr/local/bin/npm" "install" "-g" "mean-cli"
61 error cwd /home/giles148/camper
62 error node -v v0.10.32
63 error npm -v 1.4.28
64 error path /usr/local/lib/node_modules/mean-cli
65 error fstream_path /usr/local/lib/node_modules/mean-cli
66 error fstream_type Directory
67 error fstream_class DirWriter
68 error code EACCES
69 error errno 3
70 error stack Error: EACCES, mkdir '/usr/local/lib/node_modules/mean-cli'
71 error fstream_stack /usr/local/lib/node_modules/npm/node_modules/fstream/lib/dir-writer.js:36:23
71 error fstream_stack /usr/local/lib/node_modules/npm/node_modules/mkdirp/index.js:46:53
71 error fstream_stack Object.oncomplete (fs.js:107:15)
72 verbose exit [ 3, true ]
